<?xml version="1.0" encoding="UTF-8"?>
<!-- Generated by org.testng.reporters.JUnitXMLReporter -->
<testsuite hostname="DESKTOP-0PJNRCB" ignored="0" name="Automation Practice Project Test Cases" tests="7" failures="2" timestamp="25 Apr 2019 18:36:47 GMT" time="171.037" errors="0">
  <testcase name="verifyLoginClickTest" time="6.996" classname="com.automationpractice.testcases.MainPageTest"/>
  <testcase name="verifyLogoImageTest" time="0.059" classname="com.automationpractice.testcases.MainPageTest"/>
  <testcase name="verifyPageTitleTest" time="0.009" classname="com.automationpractice.testcases.MainPageTest">
    <failure type="java.lang.AssertionError" message="expected [My Stores] but found [My Store]">
      <![CDATA[java.lang.AssertionError: expected [My Stores] but found [My Store]
at com.automationpractice.testcases.MainPageTest.verifyPageTitleTest(MainPageTest.java:55)
... Removed 31 stack frames]]>
    </failure>
  </testcase> <!-- verifyPageTitleTest -->
  <testcase name="loginPageTitleTest" time="0.009" classname="com.automationpractice.testcases.LoginPageTest">
    <failure type="java.lang.AssertionError" message="Login Page title is not matched expected [Login - My Stores] but found [Login - My Store]">
      <![CDATA[java.lang.AssertionError: Login Page title is not matched expected [Login - My Stores] but found [Login - My Store]
at com.automationpractice.testcases.LoginPageTest.loginPageTitleTest(LoginPageTest.java:50)
... Removed 30 stack frames]]>
    </failure>
  </testcase> <!-- loginPageTitleTest -->
  <testcase name="loginTest" time="3.841" classname="com.automationpractice.testcases.LoginPageTest"/>
  <testcase name="HomeAccountTitleTest" time="0.011" classname="com.automationpractice.testcases.HomeAccountPageTest"/>
  <testcase name="newUserSignupTest" time="18.941" classname="com.automationpractice.testcases.CreateNewAccountPageTest"/>
</testsuite> <!-- Automation Practice Project Test Cases -->
